0 info it worked if it ends with ok
1 verbose cli [ '/home/amanda/.nvm/v5.10.1/bin/node',
1 verbose cli   '/home/amanda/.nvm/v5.10.1/bin/npm',
1 verbose cli   'install',
1 verbose cli   '--save-dev',
1 verbose cli   'gulp' ]
2 info using npm@3.8.3
3 info using node@v5.10.1
4 verbose config Skipping project config: /home/amanda/.npmrc. (matches userconfig)
5 silly loadCurrentTree Starting
6 silly install loadCurrentTree
7 silly install readLocalPackageData
8 silly fetchPackageMetaData gulp
9 silly fetchNamedPackageData gulp
10 silly mapToRegistry name gulp
11 silly mapToRegistry using default registry
12 silly mapToRegistry registry https://registry.npmjs.org/
13 silly mapToRegistry data Result {
13 silly mapToRegistry   raw: 'gulp',
13 silly mapToRegistry   scope: null,
13 silly mapToRegistry   name: 'gulp',
13 silly mapToRegistry   rawSpec: '',
13 silly mapToRegistry   spec: 'latest',
13 silly mapToRegistry   type: 'tag' }
14 silly mapToRegistry uri https://registry.npmjs.org/gulp
15 verbose request uri https://registry.npmjs.org/gulp
16 verbose request no auth needed
17 info attempt registry request try #1 at 4:48:18 PM
18 verbose request id dd209c0f2bea7b48
19 http request GET https://registry.npmjs.org/gulp
20 http 200 https://registry.npmjs.org/gulp
21 verbose headers { server: 'CouchDB/1.5.0 (Erlang OTP/R16B03)',
21 verbose headers   etag: '"56UKWJTKWQDKKCLLV8DQ1KT3V"',
21 verbose headers   'content-type': 'application/json',
21 verbose headers   'cache-control': 'max-age=300',
21 verbose headers   'content-length': '113853',
21 verbose headers   'accept-ranges': 'bytes',
21 verbose headers   date: 'Wed, 20 Apr 2016 19:48:19 GMT',
21 verbose headers   via: '1.1 varnish',
21 verbose headers   age: '175',
21 verbose headers   connection: 'keep-alive',
21 verbose headers   'x-served-by': 'cache-atl6221-ATL',
21 verbose headers   'x-cache': 'HIT',
21 verbose headers   'x-cache-hits': '5',
21 verbose headers   'x-timer': 'S1461181699.623606,VS0,VE0',
21 verbose headers   vary: 'Accept-Encoding' }
22 silly get cb [ 200,
22 silly get   { server: 'CouchDB/1.5.0 (Erlang OTP/R16B03)',
22 silly get     etag: '"56UKWJTKWQDKKCLLV8DQ1KT3V"',
22 silly get     'content-type': 'application/json',
22 silly get     'cache-control': 'max-age=300',
22 silly get     'content-length': '113853',
22 silly get     'accept-ranges': 'bytes',
22 silly get     date: 'Wed, 20 Apr 2016 19:48:19 GMT',
22 silly get     via: '1.1 varnish',
22 silly get     age: '175',
22 silly get     connection: 'keep-alive',
22 silly get     'x-served-by': 'cache-atl6221-ATL',
22 silly get     'x-cache': 'HIT',
22 silly get     'x-cache-hits': '5',
22 silly get     'x-timer': 'S1461181699.623606,VS0,VE0',
22 silly get     vary: 'Accept-Encoding' } ]
23 verbose get saving gulp to /home/amanda/.npm/registry.npmjs.org/gulp/.cache.json
24 verbose correctMkdir /home/amanda/.npm correctMkdir not in flight; initializing
25 silly install normalizeTree
26 silly loadCurrentTree Finishing
27 silly loadIdealTree Starting
28 silly install loadIdealTree
29 silly cloneCurrentTree Starting
30 silly install cloneCurrentTreeToIdealTree
31 silly cloneCurrentTree Finishing
32 silly loadShrinkwrap Starting
33 silly install loadShrinkwrap
34 silly loadShrinkwrap Finishing
35 silly loadAllDepsIntoIdealTree Starting
36 silly install loadAllDepsIntoIdealTree
37 silly resolveWithNewModule gulp@3.9.1 checking installable status
38 silly cache add args [ 'gulp', null ]
39 verbose cache add spec gulp
40 silly cache add parsed spec Result {
40 silly cache add   raw: 'gulp',
40 silly cache add   scope: null,
40 silly cache add   name: 'gulp',
40 silly cache add   rawSpec: '',
40 silly cache add   spec: 'latest',
40 silly cache add   type: 'tag' }
41 silly addNamed gulp@latest
42 verbose addNamed "latest" is being treated as a dist-tag for gulp
43 info addNameTag [ 'gulp', 'latest' ]
44 silly mapToRegistry name gulp
45 silly mapToRegistry using default registry
46 silly mapToRegistry registry https://registry.npmjs.org/
47 silly mapToRegistry data Result {
47 silly mapToRegistry   raw: 'gulp',
47 silly mapToRegistry   scope: null,
47 silly mapToRegistry   name: 'gulp',
47 silly mapToRegistry   rawSpec: '',
47 silly mapToRegistry   spec: 'latest',
47 silly mapToRegistry   type: 'tag' }
48 silly mapToRegistry uri https://registry.npmjs.org/gulp
49 verbose addNameTag registry:https://registry.npmjs.org/gulp not in flight; fetching
50 verbose get https://registry.npmjs.org/gulp not expired, no request
51 silly addNameTag next cb for gulp with tag latest
52 silly addNamed gulp@3.9.1
53 verbose addNamed "3.9.1" is a plain semver version for gulp
54 silly mapToRegistry name gulp
55 silly mapToRegistry using default registry
56 silly mapToRegistry registry https://registry.npmjs.org/
57 silly mapToRegistry data Result {
57 silly mapToRegistry   raw: 'gulp',
57 silly mapToRegistry   scope: null,
57 silly mapToRegistry   name: 'gulp',
57 silly mapToRegistry   rawSpec: '',
57 silly mapToRegistry   spec: 'latest',
57 silly mapToRegistry   type: 'tag' }
58 silly mapToRegistry uri https://registry.npmjs.org/gulp
59 verbose addRemoteTarball https://registry.npmjs.org/gulp/-/gulp-3.9.1.tgz not in flight; adding
60 verbose addRemoteTarball [ 'https://registry.npmjs.org/gulp/-/gulp-3.9.1.tgz',
60 verbose addRemoteTarball   '571ce45928dd40af6514fc4011866016c13845b4' ]
61 info retry fetch attempt 1 at 4:48:21 PM
62 info attempt registry request try #1 at 4:48:21 PM
63 http fetch GET https://registry.npmjs.org/gulp/-/gulp-3.9.1.tgz
64 http fetch 200 https://registry.npmjs.org/gulp/-/gulp-3.9.1.tgz
65 silly fetchAndShaCheck shasum 571ce45928dd40af6514fc4011866016c13845b4
66 verbose addTmpTarball /tmp/npm-19462-1adf99c9/registry.npmjs.org/gulp/-/gulp-3.9.1.tgz not in flight; adding
67 verbose addTmpTarball already have metadata; skipping unpack for gulp@3.9.1
68 verbose correctMkdir /home/amanda/.npm correctMkdir not in flight; initializing
69 silly cache afterAdd gulp@3.9.1
70 verbose afterAdd /home/amanda/.npm/gulp/3.9.1/package/package.json not in flight; writing
71 verbose correctMkdir /home/amanda/.npm correctMkdir not in flight; initializing
72 verbose afterAdd /home/amanda/.npm/gulp/3.9.1/package/package.json written
73 silly fetchNamedPackageData archy
74 silly mapToRegistry name archy
75 silly mapToRegistry using default registry
76 silly mapToRegistry registry https://registry.npmjs.org/
77 silly mapToRegistry data Result {
77 silly mapToRegistry   raw: 'archy',
77 silly mapToRegistry   scope: null,
77 silly mapToRegistry   name: 'archy',
77 silly mapToRegistry   rawSpec: '',
77 silly mapToRegistry   spec: 'latest',
77 silly mapToRegistry   type: 'tag' }
78 silly mapToRegistry uri https://registry.npmjs.org/archy
79 silly fetchNamedPackageData deprecated
80 silly mapToRegistry name deprecated
81 silly mapToRegistry using default registry
82 silly mapToRegistry registry https://registry.npmjs.org/
83 silly mapToRegistry data Result {
83 silly mapToRegistry   raw: 'deprecated',
83 silly mapToRegistry   scope: null,
83 silly mapToRegistry   name: 'deprecated',
83 silly mapToRegistry   rawSpec: '',
83 silly mapToRegistry   spec: 'latest',
83 silly mapToRegistry   type: 'tag' }
84 silly mapToRegistry uri https://registry.npmjs.org/deprecated
85 silly fetchNamedPackageData gulp-util
86 silly mapToRegistry name gulp-util
87 silly mapToRegistry using default registry
88 silly mapToRegistry registry https://registry.npmjs.org/
89 silly mapToRegistry data Result {
89 silly mapToRegistry   raw: 'gulp-util',
89 silly mapToRegistry   scope: null,
89 silly mapToRegistry   name: 'gulp-util',
89 silly mapToRegistry   rawSpec: '',
89 silly mapToRegistry   spec: 'latest',
89 silly mapToRegistry   type: 'tag' }
90 silly mapToRegistry uri https://registry.npmjs.org/gulp-util
91 silly fetchNamedPackageData interpret
92 silly mapToRegistry name interpret
93 silly mapToRegistry using default registry
94 silly mapToRegistry registry https://registry.npmjs.org/
95 silly mapToRegistry data Result {
95 silly mapToRegistry   raw: 'interpret',
95 silly mapToRegistry   scope: null,
95 silly mapToRegistry   name: 'interpret',
95 silly mapToRegistry   rawSpec: '',
95 silly mapToRegistry   spec: 'latest',
95 silly mapToRegistry   type: 'tag' }
96 silly mapToRegistry uri https://registry.npmjs.org/interpret
97 silly fetchNamedPackageData liftoff
98 silly mapToRegistry name liftoff
99 silly mapToRegistry using default registry
100 silly mapToRegistry registry https://registry.npmjs.org/
101 silly mapToRegistry data Result {
101 silly mapToRegistry   raw: 'liftoff',
101 silly mapToRegistry   scope: null,
101 silly mapToRegistry   name: 'liftoff',
101 silly mapToRegistry   rawSpec: '',
101 silly mapToRegistry   spec: 'latest',
101 silly mapToRegistry   type: 'tag' }
102 silly mapToRegistry uri https://registry.npmjs.org/liftoff
103 silly fetchNamedPackageData orchestrator
104 silly mapToRegistry name orchestrator
105 silly mapToRegistry using default registry
106 silly mapToRegistry registry https://registry.npmjs.org/
107 silly mapToRegistry data Result {
107 silly mapToRegistry   raw: 'orchestrator',
107 silly mapToRegistry   scope: null,
107 silly mapToRegistry   name: 'orchestrator',
107 silly mapToRegistry   rawSpec: '',
107 silly mapToRegistry   spec: 'latest',
107 silly mapToRegistry   type: 'tag' }
108 silly mapToRegistry uri https://registry.npmjs.org/orchestrator
109 silly fetchNamedPackageData pretty-hrtime
110 silly mapToRegistry name pretty-hrtime
111 silly mapToRegistry using default registry
112 silly mapToRegistry registry https://registry.npmjs.org/
113 silly mapToRegistry data Result {
113 silly mapToRegistry   raw: 'pretty-hrtime',
113 silly mapToRegistry   scope: null,
113 silly mapToRegistry   name: 'pretty-hrtime',
113 silly mapToRegistry   rawSpec: '',
113 silly mapToRegistry   spec: 'latest',
113 silly mapToRegistry   type: 'tag' }
114 silly mapToRegistry uri https://registry.npmjs.org/pretty-hrtime
115 silly fetchNamedPackageData semver
116 silly mapToRegistry name semver
117 silly mapToRegistry using default registry
118 silly mapToRegistry registry https://registry.npmjs.org/
119 silly mapToRegistry data Result {
119 silly mapToRegistry   raw: 'semver',
119 silly mapToRegistry   scope: null,
119 silly mapToRegistry   name: 'semver',
119 silly mapToRegistry   rawSpec: '',
119 silly mapToRegistry   spec: 'latest',
119 silly mapToRegistry   type: 'tag' }
120 silly mapToRegistry uri https://registry.npmjs.org/semver
121 silly fetchNamedPackageData tildify
122 silly mapToRegistry name tildify
123 silly mapToRegistry using default registry
124 silly mapToRegistry registry https://registry.npmjs.org/
125 silly mapToRegistry data Result {
125 silly mapToRegistry   raw: 'tildify',
125 silly mapToRegistry   scope: null,
125 silly mapToRegistry   name: 'tildify',
125 silly mapToRegistry   rawSpec: '',
125 silly mapToRegistry   spec: 'latest',
125 silly mapToRegistry   type: 'tag' }
126 silly mapToRegistry uri https://registry.npmjs.org/tildify
127 silly fetchNamedPackageData v8flags
128 silly mapToRegistry name v8flags
129 silly mapToRegistry using default registry
130 silly mapToRegistry registry https://registry.npmjs.org/
131 silly mapToRegistry data Result {
131 silly mapToRegistry   raw: 'v8flags',
131 silly mapToRegistry   scope: null,
131 silly mapToRegistry   name: 'v8flags',
131 silly mapToRegistry   rawSpec: '',
131 silly mapToRegistry   spec: 'latest',
131 silly mapToRegistry   type: 'tag' }
132 silly mapToRegistry uri https://registry.npmjs.org/v8flags
133 silly fetchNamedPackageData vinyl-fs
134 silly mapToRegistry name vinyl-fs
135 silly mapToRegistry using default registry
136 silly mapToRegistry registry https://registry.npmjs.org/
137 silly mapToRegistry data Result {
137 silly mapToRegistry   raw: 'vinyl-fs',
137 silly mapToRegistry   scope: null,
137 silly mapToRegistry   name: 'vinyl-fs',
137 silly mapToRegistry   rawSpec: '',
137 silly mapToRegistry   spec: 'latest',
137 silly mapToRegistry   type: 'tag' }
138 silly mapToRegistry uri https://registry.npmjs.org/vinyl-fs
139 verbose request uri https://registry.npmjs.org/archy
140 verbose request no auth needed
141 info attempt registry request try #1 at 4:48:21 PM
142 http request GET https://registry.npmjs.org/archy
143 verbose request uri https://registry.npmjs.org/deprecated
144 verbose request no auth needed
145 info attempt registry request try #1 at 4:48:21 PM
146 http request GET https://registry.npmjs.org/deprecated
147 verbose request uri https://registry.npmjs.org/gulp-util
148 verbose request no auth needed
149 info attempt registry request try #1 at 4:48:21 PM
150 http request GET https://registry.npmjs.org/gulp-util
151 verbose request uri https://registry.npmjs.org/interpret
152 verbose request no auth needed
153 info attempt registry request try #1 at 4:48:21 PM
154 http request GET https://registry.npmjs.org/interpret
155 verbose request uri https://registry.npmjs.org/liftoff
156 verbose request no auth needed
157 info attempt registry request try #1 at 4:48:21 PM
158 http request GET https://registry.npmjs.org/liftoff
159 verbose request uri https://registry.npmjs.org/orchestrator
160 verbose request no auth needed
161 info attempt registry request try #1 at 4:48:21 PM
162 http request GET https://registry.npmjs.org/orchestrator
163 verbose request uri https://registry.npmjs.org/pretty-hrtime
164 verbose request no auth needed
165 info attempt registry request try #1 at 4:48:21 PM
166 http request GET https://registry.npmjs.org/pretty-hrtime
167 verbose request uri https://registry.npmjs.org/tildify
168 verbose request no auth needed
169 info attempt registry request try #1 at 4:48:21 PM
170 http request GET https://registry.npmjs.org/tildify
171 verbose request uri https://registry.npmjs.org/v8flags
172 verbose request no auth needed
173 info attempt registry request try #1 at 4:48:21 PM
174 http request GET https://registry.npmjs.org/v8flags
175 verbose request uri https://registry.npmjs.org/vinyl-fs
176 verbose request no auth needed
177 info attempt registry request try #1 at 4:48:21 PM
178 http request GET https://registry.npmjs.org/vinyl-fs
179 verbose request uri https://registry.npmjs.org/semver
180 verbose request no auth needed
181 info attempt registry request try #1 at 4:48:21 PM
182 verbose etag "9M2O0DOJL1ZK378CQ1L1GIBFQ"
183 http request GET https://registry.npmjs.org/semver
184 http 200 https://registry.npmjs.org/archy
185 verbose headers { server: 'CouchDB/1.5.0 (Erlang OTP/R16B03)',
185 verbose headers   etag: '"EE8VL8P4QJLV1EFN701P921M5"',
185 verbose headers   'content-type': 'application/json',
185 verbose headers   'cache-control': 'max-age=300',
185 verbose headers   'content-length': '6970',
185 verbose headers   'accept-ranges': 'bytes',
185 verbose headers   date: 'Wed, 20 Apr 2016 19:48:21 GMT',
185 verbose headers   via: '1.1 varnish',
185 verbose headers   age: '70',
185 verbose headers   connection: 'keep-alive',
185 verbose headers   'x-served-by': 'cache-atl6221-ATL',
185 verbose headers   'x-cache': 'HIT',
185 verbose headers   'x-cache-hits': '2',
185 verbose headers   'x-timer': 'S1461181701.545133,VS0,VE0',
185 verbose headers   vary: 'Accept-Encoding' }
186 silly get cb [ 200,
186 silly get   { server: 'CouchDB/1.5.0 (Erlang OTP/R16B03)',
186 silly get     etag: '"EE8VL8P4QJLV1EFN701P921M5"',
186 silly get     'content-type': 'application/json',
186 silly get     'cache-control': 'max-age=300',
186 silly get     'content-length': '6970',
186 silly get     'accept-ranges': 'bytes',
186 silly get     date: 'Wed, 20 Apr 2016 19:48:21 GMT',
186 silly get     via: '1.1 varnish',
186 silly get     age: '70',
186 silly get     connection: 'keep-alive',
186 silly get     'x-served-by': 'cache-atl6221-ATL',
186 silly get     'x-cache': 'HIT',
186 silly get     'x-cache-hits': '2',
186 silly get     'x-timer': 'S1461181701.545133,VS0,VE0',
186 silly get     vary: 'Accept-Encoding' } ]
187 verbose get saving archy to /home/amanda/.npm/registry.npmjs.org/archy/.cache.json
188 verbose correctMkdir /home/amanda/.npm correctMkdir not in flight; initializing
189 silly resolveWithNewModule archy@1.0.0 checking installable status
190 silly cache add args [ 'archy@^1.0.0', null ]
191 verbose cache add spec archy@^1.0.0
192 silly cache add parsed spec Result {
192 silly cache add   raw: 'archy@^1.0.0',
192 silly cache add   scope: null,
192 silly cache add   name: 'archy',
192 silly cache add   rawSpec: '^1.0.0',
192 silly cache add   spec: '>=1.0.0 <2.0.0',
192 silly cache add   type: 'range' }
193 silly addNamed archy@>=1.0.0 <2.0.0
194 verbose addNamed ">=1.0.0 <2.0.0" is a valid semver range for archy
195 silly addNameRange { name: 'archy', range: '>=1.0.0 <2.0.0', hasData: false }
196 silly mapToRegistry name archy
197 silly mapToRegistry using default registry
198 silly mapToRegistry registry https://registry.npmjs.org/
199 silly mapToRegistry data Result {
199 silly mapToRegistry   raw: 'archy',
199 silly mapToRegistry   scope: null,
199 silly mapToRegistry   name: 'archy',
199 silly mapToRegistry   rawSpec: '',
199 silly mapToRegistry   spec: 'latest',
199 silly mapToRegistry   type: 'tag' }
200 silly mapToRegistry uri https://registry.npmjs.org/archy
201 verbose addNameRange registry:https://registry.npmjs.org/archy not in flight; fetching
202 verbose get https://registry.npmjs.org/archy not expired, no request
203 silly addNameRange number 2 { name: 'archy', range: '>=1.0.0 <2.0.0', hasData: true }
204 silly addNameRange versions [ 'archy', [ '0.0.0', '0.0.1', '0.0.2', '1.0.0' ] ]
205 silly addNamed archy@1.0.0
206 verbose addNamed "1.0.0" is a plain semver version for archy
207 silly mapToRegistry name archy
208 silly mapToRegistry using default registry
209 silly mapToRegistry registry https://registry.npmjs.org/
210 silly mapToRegistry data Result {
210 silly mapToRegistry   raw: 'archy',
210 silly mapToRegistry   scope: null,
210 silly mapToRegistry   name: 'archy',
210 silly mapToRegistry   rawSpec: '',
210 silly mapToRegistry   spec: 'latest',
210 silly mapToRegistry   type: 'tag' }
211 silly mapToRegistry uri https://registry.npmjs.org/archy
212 verbose addRemoteTarball https://registry.npmjs.org/archy/-/archy-1.0.0.tgz not in flight; adding
213 verbose addRemoteTarball [ 'https://registry.npmjs.org/archy/-/archy-1.0.0.tgz',
213 verbose addRemoteTarball   'f9c8c13757cc1dd7bc379ac77b2c62a5c2868c40' ]
214 info retry fetch attempt 1 at 4:48:21 PM
215 info attempt registry request try #1 at 4:48:21 PM
216 http fetch GET https://registry.npmjs.org/archy/-/archy-1.0.0.tgz
217 http fetch 200 https://registry.npmjs.org/archy/-/archy-1.0.0.tgz
218 silly fetchAndShaCheck shasum f9c8c13757cc1dd7bc379ac77b2c62a5c2868c40
219 verbose addTmpTarball /tmp/npm-19462-1adf99c9/registry.npmjs.org/archy/-/archy-1.0.0.tgz not in flight; adding
220 verbose addTmpTarball already have metadata; skipping unpack for archy@1.0.0
221 verbose correctMkdir /home/amanda/.npm correctMkdir not in flight; initializing
222 silly cache afterAdd archy@1.0.0
223 verbose afterAdd /home/amanda/.npm/archy/1.0.0/package/package.json not in flight; writing
224 verbose correctMkdir /home/amanda/.npm correctMkdir not in flight; initializing
225 verbose afterAdd /home/amanda/.npm/archy/1.0.0/package/package.json written
226 http 200 https://registry.npmjs.org/deprecated
227 verbose headers { server: 'CouchDB/1.5.0 (Erlang OTP/R16B03)',
227 verbose headers   etag: '"E1V7XXMO3VEMM1XPWKK5NEP15"',
227 verbose headers   'content-type': 'application/json',
227 verbose headers   'content-encoding': 'gzip',
227 verbose headers   'cache-control': 'max-age=300',
227 verbose headers   'content-length': '865',
227 verbose headers   'accept-ranges': 'bytes',
227 verbose headers   date: 'Wed, 20 Apr 2016 19:48:21 GMT',
227 verbose headers   via: '1.1 varnish',
227 verbose headers   age: '204',
227 verbose headers   connection: 'keep-alive',
227 verbose headers   'x-served-by': 'cache-atl6242-ATL',
227 verbose headers   'x-cache': 'HIT',
227 verbose headers   'x-cache-hits': '4',
227 verbose headers   'x-timer': 'S1461181701.987228,VS0,VE0',
227 verbose headers   vary: 'Accept-Encoding' }
228 silly get cb [ 200,
228 silly get   { server: 'CouchDB/1.5.0 (Erlang OTP/R16B03)',
228 silly get     etag: '"E1V7XXMO3VEMM1XPWKK5NEP15"',
228 silly get     'content-type': 'application/json',
228 silly get     'content-encoding': 'gzip',
228 silly get     'cache-control': 'max-age=300',
228 silly get     'content-length': '865',
228 silly get     'accept-ranges': 'bytes',
228 silly get     date: 'Wed, 20 Apr 2016 19:48:21 GMT',
228 silly get     via: '1.1 varnish',
228 silly get     age: '204',
228 silly get     connection: 'keep-alive',
228 silly get     'x-served-by': 'cache-atl6242-ATL',
228 silly get     'x-cache': 'HIT',
228 silly get     'x-cache-hits': '4',
228 silly get     'x-timer': 'S1461181701.987228,VS0,VE0',
228 silly get     vary: 'Accept-Encoding' } ]
229 verbose get saving deprecated to /home/amanda/.npm/registry.npmjs.org/deprecated/.cache.json
230 verbose correctMkdir /home/amanda/.npm correctMkdir not in flight; initializing
231 silly resolveWithNewModule deprecated@0.0.1 checking installable status
232 silly cache add args [ 'deprecated@^0.0.1', null ]
233 verbose cache add spec deprecated@^0.0.1
234 silly cache add parsed spec Result {
234 silly cache add   raw: 'deprecated@^0.0.1',
234 silly cache add   scope: null,
234 silly cache add   name: 'deprecated',
234 silly cache add   rawSpec: '^0.0.1',
234 silly cache add   spec: '>=0.0.1 <0.0.2',
234 silly cache add   type: 'range' }
235 silly addNamed deprecated@>=0.0.1 <0.0.2
236 verbose addNamed ">=0.0.1 <0.0.2" is a valid semver range for deprecated
237 silly addNameRange { name: 'deprecated', range: '>=0.0.1 <0.0.2', hasData: false }
238 silly mapToRegistry name deprecated
239 silly mapToRegistry using default registry
240 silly mapToRegistry registry https://registry.npmjs.org/
241 silly mapToRegistry data Result {
241 silly mapToRegistry   raw: 'deprecated',
241 silly mapToRegistry   scope: null,
241 silly mapToRegistry   name: 'deprecated',
241 silly mapToRegistry   rawSpec: '',
241 silly mapToRegistry   spec: 'latest',
241 silly mapToRegistry   type: 'tag' }
242 silly mapToRegistry uri https://registry.npmjs.org/deprecated
243 verbose addNameRange registry:https://registry.npmjs.org/deprecated not in flight; fetching
244 verbose get https://registry.npmjs.org/deprecated not expired, no request
245 silly addNameRange number 2 { name: 'deprecated', range: '>=0.0.1 <0.0.2', hasData: true }
246 silly addNameRange versions [ 'deprecated', [ '0.0.1' ] ]
247 silly addNamed deprecated@0.0.1
248 verbose addNamed "0.0.1" is a plain semver version for deprecated
249 silly mapToRegistry name deprecated
250 silly mapToRegistry using default registry
251 silly mapToRegistry registry https://registry.npmjs.org/
252 silly mapToRegistry data Result {
252 silly mapToRegistry   raw: 'deprecated',
252 silly mapToRegistry   scope: null,
252 silly mapToRegistry   name: 'deprecated',
252 silly mapToRegistry   rawSpec: '',
252 silly mapToRegistry   spec: 'latest',
252 silly mapToRegistry   type: 'tag' }
253 silly mapToRegistry uri https://registry.npmjs.org/deprecated
254 verbose addRemoteTarball https://registry.npmjs.org/deprecated/-/deprecated-0.0.1.tgz not in flight; adding
255 verbose addRemoteTarball [ 'https://registry.npmjs.org/deprecated/-/deprecated-0.0.1.tgz',
255 verbose addRemoteTarball   'f9c9af5464afa1e7a971458a8bdef2aa94d5bb19' ]
256 info retry fetch attempt 1 at 4:48:22 PM
257 info attempt registry request try #1 at 4:48:22 PM
258 http fetch GET https://registry.npmjs.org/deprecated/-/deprecated-0.0.1.tgz
259 http 200 https://registry.npmjs.org/orchestrator
260 verbose headers { server: 'CouchDB/1.5.0 (Erlang OTP/R16B03)',
260 verbose headers   etag: '"CMGBTQWXIPEC79DL1WJR9PG9H"',
260 verbose headers   'content-type': 'application/json',
260 verbose headers   'content-encoding': 'gzip',
260 verbose headers   'cache-control': 'max-age=300',
260 verbose headers   'content-length': '6303',
260 verbose headers   'accept-ranges': 'bytes',
260 verbose headers   date: 'Wed, 20 Apr 2016 19:48:22 GMT',
260 verbose headers   via: '1.1 varnish',
260 verbose headers   age: '77',
260 verbose headers   connection: 'keep-alive',
260 verbose headers   'x-served-by': 'cache-atl6221-ATL',
260 verbose headers   'x-cache': 'HIT',
260 verbose headers   'x-cache-hits': '2',
260 verbose headers   'x-timer': 'S1461181702.088656,VS0,VE0',
260 verbose headers   vary: 'Accept-Encoding' }
261 silly get cb [ 200,
261 silly get   { server: 'CouchDB/1.5.0 (Erlang OTP/R16B03)',
261 silly get     etag: '"CMGBTQWXIPEC79DL1WJR9PG9H"',
261 silly get     'content-type': 'application/json',
261 silly get     'content-encoding': 'gzip',
261 silly get     'cache-control': 'max-age=300',
261 silly get     'content-length': '6303',
261 silly get     'accept-ranges': 'bytes',
261 silly get     date: 'Wed, 20 Apr 2016 19:48:22 GMT',
261 silly get     via: '1.1 varnish',
261 silly get     age: '77',
261 silly get     connection: 'keep-alive',
261 silly get     'x-served-by': 'cache-atl6221-ATL',
261 silly get     'x-cache': 'HIT',
261 silly get     'x-cache-hits': '2',
261 silly get     'x-timer': 'S1461181702.088656,VS0,VE0',
261 silly get     vary: 'Accept-Encoding' } ]
262 verbose get saving orchestrator to /home/amanda/.npm/registry.npmjs.org/orchestrator/.cache.json
263 verbose correctMkdir /home/amanda/.npm correctMkdir not in flight; initializing
264 http 200 https://registry.npmjs.org/pretty-hrtime
265 verbose headers { server: 'CouchDB/1.5.0 (Erlang OTP/R16B03)',
265 verbose headers   etag: '"BULRS3VUZ0BLB6DKZRQDCSYZ5"',
265 verbose headers   'content-type': 'application/json',
265 verbose headers   'content-encoding': 'gzip',
265 verbose headers   'cache-control': 'max-age=300',
265 verbose headers   'content-length': '2702',
265 verbose headers   'accept-ranges': 'bytes',
265 verbose headers   date: 'Wed, 20 Apr 2016 19:48:22 GMT',
265 verbose headers   via: '1.1 varnish',
265 verbose headers   age: '211',
265 verbose headers   connection: 'keep-alive',
265 verbose headers   'x-served-by': 'cache-atl6229-ATL',
265 verbose headers   'x-cache': 'HIT',
265 verbose headers   'x-cache-hits': '3',
265 verbose headers   'x-timer': 'S1461181702.100601,VS0,VE0',
265 verbose headers   vary: 'Accept-Encoding' }
266 silly get cb [ 200,
266 silly get   { server: 'CouchDB/1.5.0 (Erlang OTP/R16B03)',
266 silly get     etag: '"BULRS3VUZ0BLB6DKZRQDCSYZ5"',
266 silly get     'content-type': 'application/json',
266 silly get     'content-encoding': 'gzip',
266 silly get     'cache-control': 'max-age=300',
266 silly get     'content-length': '2702',
266 silly get     'accept-ranges': 'bytes',
266 silly get     date: 'Wed, 20 Apr 2016 19:48:22 GMT',
266 silly get     via: '1.1 varnish',
266 silly get     age: '211',
266 silly get     connection: 'keep-alive',
266 silly get     'x-served-by': 'cache-atl6229-ATL',
266 silly get     'x-cache': 'HIT',
266 silly get     'x-cache-hits': '3',
266 silly get     'x-timer': 'S1461181702.100601,VS0,VE0',
266 silly get     vary: 'Accept-Encoding' } ]
267 verbose get saving pretty-hrtime to /home/amanda/.npm/registry.npmjs.org/pretty-hrtime/.cache.json
268 verbose correctMkdir /home/amanda/.npm correctMkdir not in flight; initializing
269 silly resolveWithNewModule orchestrator@0.3.7 checking installable status
270 silly cache add args [ 'orchestrator@^0.3.0', null ]
271 verbose cache add spec orchestrator@^0.3.0
272 silly cache add parsed spec Result {
272 silly cache add   raw: 'orchestrator@^0.3.0',
272 silly cache add   scope: null,
272 silly cache add   name: 'orchestrator',
272 silly cache add   rawSpec: '^0.3.0',
272 silly cache add   spec: '>=0.3.0 <0.4.0',
272 silly cache add   type: 'range' }
273 silly addNamed orchestrator@>=0.3.0 <0.4.0
274 verbose addNamed ">=0.3.0 <0.4.0" is a valid semver range for orchestrator
275 silly addNameRange { name: 'orchestrator', range: '>=0.3.0 <0.4.0', hasData: false }
276 silly mapToRegistry name orchestrator
277 silly mapToRegistry using default registry
278 silly mapToRegistry registry https://registry.npmjs.org/
279 silly mapToRegistry data Result {
279 silly mapToRegistry   raw: 'orchestrator',
279 silly mapToRegistry   scope: null,
279 silly mapToRegistry   name: 'orchestrator',
279 silly mapToRegistry   rawSpec: '',
279 silly mapToRegistry   spec: 'latest',
279 silly mapToRegistry   type: 'tag' }
280 silly mapToRegistry uri https://registry.npmjs.org/orchestrator
281 verbose addNameRange registry:https://registry.npmjs.org/orchestrator not in flight; fetching
282 silly resolveWithNewModule pretty-hrtime@1.0.2 checking installable status
283 silly cache add args [ 'pretty-hrtime@^1.0.0', null ]
284 verbose cache add spec pretty-hrtime@^1.0.0
285 silly cache add parsed spec Result {
285 silly cache add   raw: 'pretty-hrtime@^1.0.0',
285 silly cache add   scope: null,
285 silly cache add   name: 'pretty-hrtime',
285 silly cache add   rawSpec: '^1.0.0',
285 silly cache add   spec: '>=1.0.0 <2.0.0',
285 silly cache add   type: 'range' }
286 silly addNamed pretty-hrtime@>=1.0.0 <2.0.0
287 verbose addNamed ">=1.0.0 <2.0.0" is a valid semver range for pretty-hrtime
288 silly addNameRange { name: 'pretty-hrtime',
288 silly addNameRange   range: '>=1.0.0 <2.0.0',
288 silly addNameRange   hasData: false }
289 silly mapToRegistry name pretty-hrtime
290 silly mapToRegistry using default registry
291 silly mapToRegistry registry https://registry.npmjs.org/
292 silly mapToRegistry data Result {
292 silly mapToRegistry   raw: 'pretty-hrtime',
292 silly mapToRegistry   scope: null,
292 silly mapToRegistry   name: 'pretty-hrtime',
292 silly mapToRegistry   rawSpec: '',
292 silly mapToRegistry   spec: 'latest',
292 silly mapToRegistry   type: 'tag' }
293 silly mapToRegistry uri https://registry.npmjs.org/pretty-hrtime
294 verbose addNameRange registry:https://registry.npmjs.org/pretty-hrtime not in flight; fetching
295 verbose get https://registry.npmjs.org/orchestrator not expired, no request
296 silly addNameRange number 2 { name: 'orchestrator', range: '>=0.3.0 <0.4.0', hasData: true }
297 silly addNameRange versions [ 'orchestrator',
297 silly addNameRange   [ '0.0.2',
297 silly addNameRange     '0.0.3',
297 silly addNameRange     '0.0.4',
297 silly addNameRange     '0.0.5',
297 silly addNameRange     '0.0.6',
297 silly addNameRange     '0.0.7',
297 silly addNameRange     '0.0.8',
297 silly addNameRange     '0.1.0',
297 silly addNameRange     '0.2.0',
297 silly addNameRange     '0.2.1',
297 silly addNameRange     '0.3.0',
297 silly addNameRange     '0.3.1',
297 silly addNameRange     '0.3.3',
297 silly addNameRange     '0.3.4',
297 silly addNameRange     '0.3.5',
297 silly addNameRange     '0.3.6',
297 silly addNameRange     '0.3.7' ] ]
298 silly addNamed orchestrator@0.3.7
299 verbose addNamed "0.3.7" is a plain semver version for orchestrator
300 silly mapToRegistry name orchestrator
301 silly mapToRegistry using default registry
302 silly mapToRegistry registry https://registry.npmjs.org/
303 silly mapToRegistry data Result {
303 silly mapToRegistry   raw: 'orchestrator',
303 silly mapToRegistry   scope: null,
303 silly mapToRegistry   name: 'orchestrator',
303 silly mapToRegistry   rawSpec: '',
303 silly mapToRegistry   spec: 'latest',
303 silly mapToRegistry   type: 'tag' }
304 silly mapToRegistry uri https://registry.npmjs.org/orchestrator
305 verbose addRemoteTarball https://registry.npmjs.org/orchestrator/-/orchestrator-0.3.7.tgz not in flight; adding
306 verbose addRemoteTarball [ 'https://registry.npmjs.org/orchestrator/-/orchestrator-0.3.7.tgz',
306 verbose addRemoteTarball   'c45064e22c5a2a7b99734f409a95ffedc7d3c3df' ]
307 verbose get https://registry.npmjs.org/pretty-hrtime not expired, no request
308 silly addNameRange number 2 { name: 'pretty-hrtime', range: '>=1.0.0 <2.0.0', hasData: true }
309 silly addNameRange versions [ 'pretty-hrtime',
309 silly addNameRange   [ '0.2.0', '0.2.1', '0.2.2', '1.0.0', '1.0.1', '1.0.2' ] ]
310 silly addNamed pretty-hrtime@1.0.2
311 verbose addNamed "1.0.2" is a plain semver version for pretty-hrtime
312 silly mapToRegistry name pretty-hrtime
313 silly mapToRegistry using default registry
314 silly mapToRegistry registry https://registry.npmjs.org/
315 silly mapToRegistry data Result {
315 silly mapToRegistry   raw: 'pretty-hrtime',
315 silly mapToRegistry   scope: null,
315 silly mapToRegistry   name: 'pretty-hrtime',
315 silly mapToRegistry   rawSpec: '',
315 silly mapToRegistry   spec: 'latest',
315 silly mapToRegistry   type: 'tag' }
316 silly mapToRegistry uri https://registry.npmjs.org/pretty-hrtime
317 verbose addRemoteTarball https://registry.npmjs.org/pretty-hrtime/-/pretty-hrtime-1.0.2.tgz not in flight; adding
318 verbose addRemoteTarball [ 'https://registry.npmjs.org/pretty-hrtime/-/pretty-hrtime-1.0.2.tgz',
318 verbose addRemoteTarball   '70ca96f4d0628a443b918758f79416a9a7bc9fa8' ]
319 info retry fetch attempt 1 at 4:48:22 PM
320 info attempt registry request try #1 at 4:48:22 PM
321 http fetch GET https://registry.npmjs.org/orchestrator/-/orchestrator-0.3.7.tgz
322 http 200 https://registry.npmjs.org/tildify
323 verbose headers { server: 'CouchDB/1.5.0 (Erlang OTP/R16B03)',
323 verbose headers   etag: '"CW0EB5NJOFES0QDG50K7ANUDO"',
323 verbose headers   'content-type': 'application/json',
323 verbose headers   'cache-control': 'max-age=300',
323 verbose headers   'content-length': '9576',
323 verbose headers   'accept-ranges': 'bytes',
323 verbose headers   date: 'Wed, 20 Apr 2016 19:48:22 GMT',
323 verbose headers   via: '1.1 varnish',
323 verbose headers   age: '113',
323 verbose headers   connection: 'keep-alive',
323 verbose headers   'x-served-by': 'cache-atl6244-ATL',
323 verbose headers   'x-cache': 'HIT',
323 verbose headers   'x-cache-hits': '2',
323 verbose headers   'x-timer': 'S1461181702.112383,VS0,VE0',
323 verbose headers   vary: 'Accept-Encoding' }
324 silly get cb [ 200,
324 silly get   { server: 'CouchDB/1.5.0 (Erlang OTP/R16B03)',
324 silly get     etag: '"CW0EB5NJOFES0QDG50K7ANUDO"',
324 silly get     'content-type': 'application/json',
324 silly get     'cache-control': 'max-age=300',
324 silly get     'content-length': '9576',
324 silly get     'accept-ranges': 'bytes',
324 silly get     date: 'Wed, 20 Apr 2016 19:48:22 GMT',
324 silly get     via: '1.1 varnish',
324 silly get     age: '113',
324 silly get     connection: 'keep-alive',
324 silly get     'x-served-by': 'cache-atl6244-ATL',
324 silly get     'x-cache': 'HIT',
324 silly get     'x-cache-hits': '2',
324 silly get     'x-timer': 'S1461181702.112383,VS0,VE0',
324 silly get     vary: 'Accept-Encoding' } ]
325 verbose get saving tildify to /home/amanda/.npm/registry.npmjs.org/tildify/.cache.json
326 verbose correctMkdir /home/amanda/.npm correctMkdir not in flight; initializing
327 info retry fetch attempt 1 at 4:48:22 PM
328 info attempt registry request try #1 at 4:48:22 PM
329 http fetch GET https://registry.npmjs.org/pretty-hrtime/-/pretty-hrtime-1.0.2.tgz
330 silly resolveWithNewModule tildify@1.2.0 checking installable status
331 silly cache add args [ 'tildify@^1.0.0', null ]
332 verbose cache add spec tildify@^1.0.0
333 silly cache add parsed spec Result {
333 silly cache add   raw: 'tildify@^1.0.0',
333 silly cache add   scope: null,
333 silly cache add   name: 'tildify',
333 silly cache add   rawSpec: '^1.0.0',
333 silly cache add   spec: '>=1.0.0 <2.0.0',
333 silly cache add   type: 'range' }
334 silly addNamed tildify@>=1.0.0 <2.0.0
335 verbose addNamed ">=1.0.0 <2.0.0" is a valid semver range for tildify
336 silly addNameRange { name: 'tildify', range: '>=1.0.0 <2.0.0', hasData: false }
337 silly mapToRegistry name tildify
338 silly mapToRegistry using default registry
339 silly mapToRegistry registry https://registry.npmjs.org/
340 silly mapToRegistry data Result {
340 silly mapToRegistry   raw: 'tildify',
340 silly mapToRegistry   scope: null,
340 silly mapToRegistry   name: 'tildify',
340 silly mapToRegistry   rawSpec: '',
340 silly mapToRegistry   spec: 'latest',
340 silly mapToRegistry   type: 'tag' }
341 silly mapToRegistry uri https://registry.npmjs.org/tildify
342 verbose addNameRange registry:https://registry.npmjs.org/tildify not in flight; fetching
343 verbose get https://registry.npmjs.org/tildify not expired, no request
344 silly addNameRange number 2 { name: 'tildify', range: '>=1.0.0 <2.0.0', hasData: true }
345 silly addNameRange versions [ 'tildify',
345 silly addNameRange   [ '0.1.0', '0.2.0', '1.0.0', '1.1.0', '1.1.1', '1.1.2', '1.2.0' ] ]
346 silly addNamed tildify@1.2.0
347 verbose addNamed "1.2.0" is a plain semver version for tildify
348 silly mapToRegistry name tildify
349 silly mapToRegistry using default registry
350 silly mapToRegistry registry https://registry.npmjs.org/
351 silly mapToRegistry data Result {
351 silly mapToRegistry   raw: 'tildify',
351 silly mapToRegistry   scope: null,
351 silly mapToRegistry   name: 'tildify',
351 silly mapToRegistry   rawSpec: '',
351 silly mapToRegistry   spec: 'latest',
351 silly mapToRegistry   type: 'tag' }
352 silly mapToRegistry uri https://registry.npmjs.org/tildify
353 verbose addRemoteTarball https://registry.npmjs.org/tildify/-/tildify-1.2.0.tgz not in flight; adding
354 verbose addRemoteTarball [ 'https://registry.npmjs.org/tildify/-/tildify-1.2.0.tgz',
354 verbose addRemoteTarball   'dcec03f55dca9b7aa3e5b04f21817eb56e63588a' ]
355 info retry fetch attempt 1 at 4:48:22 PM
356 info attempt registry request try #1 at 4:48:22 PM
357 http fetch GET https://registry.npmjs.org/tildify/-/tildify-1.2.0.tgz
358 http 304 https://registry.npmjs.org/semver
359 verbose headers { date: 'Wed, 20 Apr 2016 19:48:22 GMT',
359 verbose headers   via: '1.1 varnish',
359 verbose headers   'cache-control': 'max-age=300',
359 verbose headers   etag: '"9M2O0DOJL1ZK378CQ1L1GIBFQ"',
359 verbose headers   age: '188',
359 verbose headers   connection: 'keep-alive',
359 verbose headers   'x-served-by': 'cache-atl6230-ATL',
359 verbose headers   'x-cache': 'HIT',
359 verbose headers   'x-cache-hits': '34',
359 verbose headers   'x-timer': 'S1461181702.203204,VS0,VE0',
359 verbose headers   vary: 'Accept-Encoding' }
360 silly get cb [ 304,
360 silly get   { date: 'Wed, 20 Apr 2016 19:48:22 GMT',
360 silly get     via: '1.1 varnish',
360 silly get     'cache-control': 'max-age=300',
360 silly get     etag: '"9M2O0DOJL1ZK378CQ1L1GIBFQ"',
360 silly get     age: '188',
360 silly get     connection: 'keep-alive',
360 silly get     'x-served-by': 'cache-atl6230-ATL',
360 silly get     'x-cache': 'HIT',
360 silly get     'x-cache-hits': '34',
360 silly get     'x-timer': 'S1461181702.203204,VS0,VE0',
360 silly get     vary: 'Accept-Encoding' } ]
361 verbose etag https://registry.npmjs.org/semver from cache
362 verbose get saving semver to /home/amanda/.npm/registry.npmjs.org/semver/.cache.json
363 verbose correctMkdir /home/amanda/.npm correctMkdir not in flight; initializing
364 http fetch 200 https://registry.npmjs.org/deprecated/-/deprecated-0.0.1.tgz
365 silly fetchAndShaCheck shasum f9c9af5464afa1e7a971458a8bdef2aa94d5bb19
366 silly resolveWithNewModule semver@4.3.6 checking installable status
367 silly cache add args [ 'semver@^4.1.0', null ]
368 verbose cache add spec semver@^4.1.0
369 silly cache add parsed spec Result {
369 silly cache add   raw: 'semver@^4.1.0',
369 silly cache add   scope: null,
369 silly cache add   name: 'semver',
369 silly cache add   rawSpec: '^4.1.0',
369 silly cache add   spec: '>=4.1.0 <5.0.0',
369 silly cache add   type: 'range' }
370 silly addNamed semver@>=4.1.0 <5.0.0
371 verbose addNamed ">=4.1.0 <5.0.0" is a valid semver range for semver
372 silly addNameRange { name: 'semver', range: '>=4.1.0 <5.0.0', hasData: false }
373 silly mapToRegistry name semver
374 silly mapToRegistry using default registry
375 silly mapToRegistry registry https://registry.npmjs.org/
376 silly mapToRegistry data Result {
376 silly mapToRegistry   raw: 'semver',
376 silly mapToRegistry   scope: null,
376 silly mapToRegistry   name: 'semver',
376 silly mapToRegistry   rawSpec: '',
376 silly mapToRegistry   spec: 'latest',
376 silly mapToRegistry   type: 'tag' }
377 silly mapToRegistry uri https://registry.npmjs.org/semver
378 verbose addNameRange registry:https://registry.npmjs.org/semver not in flight; fetching
379 verbose addTmpTarball /tmp/npm-19462-1adf99c9/registry.npmjs.org/deprecated/-/deprecated-0.0.1.tgz not in flight; adding
380 verbose addTmpTarball already have metadata; skipping unpack for deprecated@0.0.1
381 verbose correctMkdir /home/amanda/.npm correctMkdir not in flight; initializing
382 verbose get https://registry.npmjs.org/semver not expired, no request
383 silly addNameRange number 2 { name: 'semver', range: '>=4.1.0 <5.0.0', hasData: true }
384 silly addNameRange versions [ 'semver',
384 silly addNameRange   [ '1.0.0',
384 silly addNameRange     '1.0.1',
384 silly addNameRange     '1.0.2',
384 silly addNameRange     '1.0.3',
384 silly addNameRange     '1.0.4',
384 silly addNameRange     '1.0.5',
384 silly addNameRange     '1.0.6',
384 silly addNameRange     '1.0.7',
384 silly addNameRange     '1.0.8',
384 silly addNameRange     '1.0.9',
384 silly addNameRange     '1.0.10',
384 silly addNameRange     '1.0.11',
384 silly addNameRange     '1.0.12',
384 silly addNameRange     '1.0.13',
384 silly addNameRange     '1.0.14',
384 silly addNameRange     '1.1.0',
384 silly addNameRange     '1.1.1',
384 silly addNameRange     '1.1.2',
384 silly addNameRange     '1.1.3',
384 silly addNameRange     '1.1.4',
384 silly addNameRange     '2.0.0-alpha',
384 silly addNameRange     '2.0.0-beta',
384 silly addNameRange     '2.0.1',
384 silly addNameRange     '2.0.2',
384 silly addNameRange     '2.0.3',
384 silly addNameRange     '2.0.4',
384 silly addNameRange     '2.0.5',
384 silly addNameRange     '2.0.6',
384 silly addNameRange     '2.0.7',
384 silly addNameRange     '2.0.8',
384 silly addNameRange     '2.0.9',
384 silly addNameRange     '2.0.10',
384 silly addNameRange     '2.0.11',
384 silly addNameRange     '2.1.0',
384 silly addNameRange     '2.2.0',
384 silly addNameRange     '2.2.1',
384 silly addNameRange     '2.3.0',
384 silly addNameRange     '2.3.1',
384 silly addNameRange     '2.3.2',
384 silly addNameRange     '3.0.0',
384 silly addNameRange     '3.0.1',
384 silly addNameRange     '4.0.0',
384 silly addNameRange     '4.0.2',
384 silly addNameRange     '4.0.3',
384 silly addNameRange     '4.1.0',
384 silly addNameRange     '4.1.1',
384 silly addNameRange     '4.2.0',
384 silly addNameRange     '4.2.1',
384 silly addNameRange     '4.2.2',
384 silly addNameRange     '4.3.0',
384 silly addNameRange     '4.3.1',
384 silly addNameRange     '4.3.2',
384 silly addNameRange     '4.3.3',
384 silly addNameRange     '4.3.4',
384 silly addNameRange     '4.3.5',
384 silly addNameRange     '4.3.6',
384 silly addNameRange     '5.0.0',
384 silly addNameRange     '5.0.1',
384 silly addNameRange     '5.0.2',
384 silly addNameRange     '5.0.3',
384 silly addNameRange     '5.1.0' ] ]
385 silly addNamed semver@4.3.6
386 verbose addNamed "4.3.6" is a plain semver version for semver
387 silly mapToRegistry name semver
388 silly mapToRegistry using default registry
389 silly mapToRegistry registry https://registry.npmjs.org/
390 silly mapToRegistry data Result {
390 silly mapToRegistry   raw: 'semver',
390 silly mapToRegistry   scope: null,
390 silly mapToRegistry   name: 'semver',
390 silly mapToRegistry   rawSpec: '',
390 silly mapToRegistry   spec: 'latest',
390 silly mapToRegistry   type: 'tag' }
391 silly mapToRegistry uri https://registry.npmjs.org/semver
392 verbose addRemoteTarball https://registry.npmjs.org/semver/-/semver-4.3.6.tgz not in flight; adding
393 verbose addRemoteTarball [ 'https://registry.npmjs.org/semver/-/semver-4.3.6.tgz',
393 verbose addRemoteTarball   '300bc6e0e86374f7ba61068b5b1ecd57fc6532da' ]
394 info retry fetch attempt 1 at 4:48:22 PM
395 info attempt registry request try #1 at 4:48:22 PM
396 http fetch GET https://registry.npmjs.org/semver/-/semver-4.3.6.tgz
397 silly cache afterAdd deprecated@0.0.1
398 verbose afterAdd /home/amanda/.npm/deprecated/0.0.1/package/package.json not in flight; writing
399 verbose correctMkdir /home/amanda/.npm correctMkdir not in flight; initializing
400 verbose afterAdd /home/amanda/.npm/deprecated/0.0.1/package/package.json written
401 http 200 https://registry.npmjs.org/interpret
402 verbose headers { server: 'CouchDB/1.5.0 (Erlang OTP/R16B03)',
402 verbose headers   etag: '"6OMB7EGGRO1EVB5KZMER48B7L"',
402 verbose headers   'content-type': 'application/json',
402 verbose headers   'cache-control': 'max-age=300',
402 verbose headers   'content-length': '38026',
402 verbose headers   'accept-ranges': 'bytes',
402 verbose headers   date: 'Wed, 20 Apr 2016 19:48:22 GMT',
402 verbose headers   via: '1.1 varnish',
402 verbose headers   age: '69',
402 verbose headers   connection: 'keep-alive',
402 verbose headers   'x-served-by': 'cache-atl6224-ATL',
402 verbose headers   'x-cache': 'HIT',
402 verbose headers   'x-cache-hits': '3',
402 verbose headers   'x-timer': 'S1461181702.037979,VS0,VE0',
402 verbose headers   vary: 'Accept-Encoding' }
403 silly get cb [ 200,
403 silly get   { server: 'CouchDB/1.5.0 (Erlang OTP/R16B03)',
403 silly get     etag: '"6OMB7EGGRO1EVB5KZMER48B7L"',
403 silly get     'content-type': 'application/json',
403 silly get     'cache-control': 'max-age=300',
403 silly get     'content-length': '38026',
403 silly get     'accept-ranges': 'bytes',
403 silly get     date: 'Wed, 20 Apr 2016 19:48:22 GMT',
403 silly get     via: '1.1 varnish',
403 silly get     age: '69',
403 silly get     connection: 'keep-alive',
403 silly get     'x-served-by': 'cache-atl6224-ATL',
403 silly get     'x-cache': 'HIT',
403 silly get     'x-cache-hits': '3',
403 silly get     'x-timer': 'S1461181702.037979,VS0,VE0',
403 silly get     vary: 'Accept-Encoding' } ]
404 verbose get saving interpret to /home/amanda/.npm/registry.npmjs.org/interpret/.cache.json
405 verbose correctMkdir /home/amanda/.npm correctMkdir not in flight; initializing
406 silly resolveWithNewModule interpret@1.0.0 checking installable status
407 silly cache add args [ 'interpret@^1.0.0', null ]
408 verbose cache add spec interpret@^1.0.0
409 silly cache add parsed spec Result {
409 silly cache add   raw: 'interpret@^1.0.0',
409 silly cache add   scope: null,
409 silly cache add   name: 'interpret',
409 silly cache add   rawSpec: '^1.0.0',
409 silly cache add   spec: '>=1.0.0 <2.0.0',
409 silly cache add   type: 'range' }
410 silly addNamed interpret@>=1.0.0 <2.0.0
411 verbose addNamed ">=1.0.0 <2.0.0" is a valid semver range for interpret
412 silly addNameRange { name: 'interpret', range: '>=1.0.0 <2.0.0', hasData: false }
413 silly mapToRegistry name interpret
414 silly mapToRegistry using default registry
415 silly mapToRegistry registry https://registry.npmjs.org/
416 silly mapToRegistry data Result {
416 silly mapToRegistry   raw: 'interpret',
416 silly mapToRegistry   scope: null,
416 silly mapToRegistry   name: 'interpret',
416 silly mapToRegistry   rawSpec: '',
416 silly mapToRegistry   spec: 'latest',
416 silly mapToRegistry   type: 'tag' }
417 silly mapToRegistry uri https://registry.npmjs.org/interpret
418 verbose addNameRange registry:https://registry.npmjs.org/interpret not in flight; fetching
419 verbose get https://registry.npmjs.org/interpret not expired, no request
420 silly addNameRange number 2 { name: 'interpret', range: '>=1.0.0 <2.0.0', hasData: true }
421 silly addNameRange versions [ 'interpret',
421 silly addNameRange   [ '0.1.0',
421 silly addNameRange     '0.2.0',
421 silly addNameRange     '0.3.0',
421 silly addNameRange     '0.3.1',
421 silly addNameRange     '0.3.2',
421 silly addNameRange     '0.3.3',
421 silly addNameRange     '0.3.4',
421 silly addNameRange     '0.3.5',
421 silly addNameRange     '0.3.6',
421 silly addNameRange     '0.3.7',
421 silly addNameRange     '0.3.8',
421 silly addNameRange     '0.3.9',
421 silly addNameRange     '0.3.10',
421 silly addNameRange     '0.4.0',
421 silly addNameRange     '0.4.1',
421 silly addNameRange     '0.4.2',
421 silly addNameRange     '0.4.3',
421 silly addNameRange     '0.5.0',
421 silly addNameRange     '0.5.1',
421 silly addNameRange     '0.5.2',
421 silly addNameRange     '0.6.0',
421 silly addNameRange     '0.6.1',
421 silly addNameRange     '0.6.2',
421 silly addNameRange     '0.6.3',
421 silly addNameRange     '0.6.4',
421 silly addNameRange     '0.6.5',
421 silly addNameRange     '0.6.6',
421 silly addNameRange     '1.0.0' ] ]
422 silly addNamed interpret@1.0.0
423 verbose addNamed "1.0.0" is a plain semver version for interpret
424 silly mapToRegistry name interpret
425 silly mapToRegistry using default registry
426 silly mapToRegistry registry https://registry.npmjs.org/
427 silly mapToRegistry data Result {
427 silly mapToRegistry   raw: 'interpret',
427 silly mapToRegistry   scope: null,
427 silly mapToRegistry   name: 'interpret',
427 silly mapToRegistry   rawSpec: '',
427 silly mapToRegistry   spec: 'latest',
427 silly mapToRegistry   type: 'tag' }
428 silly mapToRegistry uri https://registry.npmjs.org/interpret
429 verbose addRemoteTarball https://registry.npmjs.org/interpret/-/interpret-1.0.0.tgz not in flight; adding
430 verbose addRemoteTarball [ 'https://registry.npmjs.org/interpret/-/interpret-1.0.0.tgz',
430 verbose addRemoteTarball   '2a3338fa1c2bdbe58cdbfffabcbd0eb52b05241f' ]
431 info retry fetch attempt 1 at 4:48:22 PM
432 info attempt registry request try #1 at 4:48:22 PM
433 http fetch GET https://registry.npmjs.org/interpret/-/interpret-1.0.0.tgz
434 http fetch 200 https://registry.npmjs.org/orchestrator/-/orchestrator-0.3.7.tgz
435 silly fetchAndShaCheck shasum c45064e22c5a2a7b99734f409a95ffedc7d3c3df
436 verbose addTmpTarball /tmp/npm-19462-1adf99c9/registry.npmjs.org/orchestrator/-/orchestrator-0.3.7.tgz not in flight; adding
437 verbose addTmpTarball already have metadata; skipping unpack for orchestrator@0.3.7
438 verbose correctMkdir /home/amanda/.npm correctMkdir not in flight; initializing
439 silly cache afterAdd orchestrator@0.3.7
440 verbose afterAdd /home/amanda/.npm/orchestrator/0.3.7/package/package.json not in flight; writing
441 verbose correctMkdir /home/amanda/.npm correctMkdir not in flight; initializing
442 verbose afterAdd /home/amanda/.npm/orchestrator/0.3.7/package/package.json written
443 http fetch 200 https://registry.npmjs.org/pretty-hrtime/-/pretty-hrtime-1.0.2.tgz
444 silly fetchAndShaCheck shasum 70ca96f4d0628a443b918758f79416a9a7bc9fa8
445 verbose addTmpTarball /tmp/npm-19462-1adf99c9/registry.npmjs.org/pretty-hrtime/-/pretty-hrtime-1.0.2.tgz not in flight; adding
446 verbose addTmpTarball already have metadata; skipping unpack for pretty-hrtime@1.0.2
447 verbose correctMkdir /home/amanda/.npm correctMkdir not in flight; initializing
448 silly cache afterAdd pretty-hrtime@1.0.2
449 verbose afterAdd /home/amanda/.npm/pretty-hrtime/1.0.2/package/package.json not in flight; writing
450 verbose correctMkdir /home/amanda/.npm correctMkdir not in flight; initializing
451 verbose afterAdd /home/amanda/.npm/pretty-hrtime/1.0.2/package/package.json written
452 http 200 https://registry.npmjs.org/v8flags
453 verbose headers { server: 'CouchDB/1.5.0 (Erlang OTP/R16B03)',
453 verbose headers   etag: '"91F3IR7KMPQ3PHAK5CI86KDXJ"',
453 verbose headers   'content-type': 'application/json',
453 verbose headers   'cache-control': 'max-age=300',
453 verbose headers   'content-length': '29225',
453 verbose headers   'accept-ranges': 'bytes',
453 verbose headers   date: 'Wed, 20 Apr 2016 19:48:22 GMT',
453 verbose headers   via: '1.1 varnish',
453 verbose headers   age: '136',
453 verbose headers   connection: 'keep-alive',
453 verbose headers   'x-served-by': 'cache-atl6222-ATL',
453 verbose headers   'x-cache': 'HIT',
453 verbose headers   'x-cache-hits': '3',
453 verbose headers   'x-timer': 'S1461181702.144194,VS0,VE0',
453 verbose headers   vary: 'Accept-Encoding' }
454 silly get cb [ 200,
454 silly get   { server: 'CouchDB/1.5.0 (Erlang OTP/R16B03)',
454 silly get     etag: '"91F3IR7KMPQ3PHAK5CI86KDXJ"',
454 silly get     'content-type': 'application/json',
454 silly get     'cache-control': 'max-age=300',
454 silly get     'content-length': '29225',
454 silly get     'accept-ranges': 'bytes',
454 silly get     date: 'Wed, 20 Apr 2016 19:48:22 GMT',
454 silly get     via: '1.1 varnish',
454 silly get     age: '136',
454 silly get     connection: 'keep-alive',
454 silly get     'x-served-by': 'cache-atl6222-ATL',
454 silly get     'x-cache': 'HIT',
454 silly get     'x-cache-hits': '3',
454 silly get     'x-timer': 'S1461181702.144194,VS0,VE0',
454 silly get     vary: 'Accept-Encoding' } ]
455 verbose get saving v8flags to /home/amanda/.npm/registry.npmjs.org/v8flags/.cache.json
456 verbose correctMkdir /home/amanda/.npm correctMkdir not in flight; initializing
457 http fetch 200 https://registry.npmjs.org/tildify/-/tildify-1.2.0.tgz
458 silly fetchAndShaCheck shasum dcec03f55dca9b7aa3e5b04f21817eb56e63588a
459 verbose addTmpTarball /tmp/npm-19462-1adf99c9/registry.npmjs.org/tildify/-/tildify-1.2.0.tgz not in flight; adding
460 verbose addTmpTarball already have metadata; skipping unpack for tildify@1.2.0
461 verbose correctMkdir /home/amanda/.npm correctMkdir not in flight; initializing
462 silly resolveWithNewModule v8flags@2.0.11 checking installable status
463 silly cache add args [ 'v8flags@^2.0.2', null ]
464 verbose cache add spec v8flags@^2.0.2
465 silly cache add parsed spec Result {
465 silly cache add   raw: 'v8flags@^2.0.2',
465 silly cache add   scope: null,
465 silly cache add   name: 'v8flags',
465 silly cache add   rawSpec: '^2.0.2',
465 silly cache add   spec: '>=2.0.2 <3.0.0',
465 silly cache add   type: 'range' }
466 silly addNamed v8flags@>=2.0.2 <3.0.0
467 verbose addNamed ">=2.0.2 <3.0.0" is a valid semver range for v8flags
468 silly addNameRange { name: 'v8flags', range: '>=2.0.2 <3.0.0', hasData: false }
469 silly mapToRegistry name v8flags
470 silly mapToRegistry using default registry
471 silly mapToRegistry registry https://registry.npmjs.org/
472 silly mapToRegistry data Result {
472 silly mapToRegistry   raw: 'v8flags',
472 silly mapToRegistry   scope: null,
472 silly mapToRegistry   name: 'v8flags',
472 silly mapToRegistry   rawSpec: '',
472 silly mapToRegistry   spec: 'latest',
472 silly mapToRegistry   type: 'tag' }
473 silly mapToRegistry uri https://registry.npmjs.org/v8flags
474 verbose addNameRange registry:https://registry.npmjs.org/v8flags not in flight; fetching
475 verbose get https://registry.npmjs.org/v8flags not expired, no request
476 silly addNameRange number 2 { name: 'v8flags', range: '>=2.0.2 <3.0.0', hasData: true }
477 silly addNameRange versions [ 'v8flags',
477 silly addNameRange   [ '0.1.0',
477 silly addNameRange     '0.2.0',
477 silly addNameRange     '0.3.0',
477 silly addNameRange     '1.0.0',
477 silly addNameRange     '1.0.1',
477 silly addNameRange     '1.0.2',
477 silly addNameRange     '1.0.3',
477 silly addNameRange     '1.0.4',
477 silly addNameRange     '1.0.5',
477 silly addNameRange     '1.0.6',
477 silly addNameRange     '1.0.7',
477 silly addNameRange     '1.0.8',
477 silly addNameRange     '2.0.0',
477 silly addNameRange     '2.0.2',
477 silly addNameRange     '2.0.3',
477 silly addNameRange     '2.0.4',
477 silly addNameRange     '2.0.5',
477 silly addNameRange     '2.0.6',
477 silly addNameRange     '2.0.7',
477 silly addNameRange     '2.0.8',
477 silly addNameRange     '2.0.9',
477 silly addNameRange     '2.0.10',
477 silly addNameRange     '2.0.11' ] ]
478 silly addNamed v8flags@2.0.11
479 verbose addNamed "2.0.11" is a plain semver version for v8flags
480 silly mapToRegistry name v8flags
481 silly mapToRegistry using default registry
482 silly mapToRegistry registry https://registry.npmjs.org/
483 silly mapToRegistry data Result {
483 silly mapToRegistry   raw: 'v8flags',
483 silly mapToRegistry   scope: null,
483 silly mapToRegistry   name: 'v8flags',
483 silly mapToRegistry   rawSpec: '',
483 silly mapToRegistry   spec: 'latest',
483 silly mapToRegistry   type: 'tag' }
484 silly mapToRegistry uri https://registry.npmjs.org/v8flags
485 verbose addRemoteTarball https://registry.npmjs.org/v8flags/-/v8flags-2.0.11.tgz not in flight; adding
486 verbose addRemoteTarball [ 'https://registry.npmjs.org/v8flags/-/v8flags-2.0.11.tgz',
486 verbose addRemoteTarball   'bca8f30f0d6d60612cc2c00641e6962d42ae6881' ]
487 info retry fetch attempt 1 at 4:48:22 PM
488 info attempt registry request try #1 at 4:48:22 PM
489 http fetch GET https://registry.npmjs.org/v8flags/-/v8flags-2.0.11.tgz
490 silly cache afterAdd tildify@1.2.0
491 verbose afterAdd /home/amanda/.npm/tildify/1.2.0/package/package.json not in flight; writing
492 verbose correctMkdir /home/amanda/.npm correctMkdir not in flight; initializing
493 verbose afterAdd /home/amanda/.npm/tildify/1.2.0/package/package.json written
494 http 200 https://registry.npmjs.org/gulp-util
495 verbose headers { server: 'CouchDB/1.5.0 (Erlang OTP/R16B03)',
495 verbose headers   etag: '"VP0HK65MFBEO79D8ILBE5BX0"',
495 verbose headers   'content-type': 'application/json',
495 verbose headers   'cache-control': 'max-age=300',
495 verbose headers   'content-length': '62096',
495 verbose headers   'accept-ranges': 'bytes',
495 verbose headers   date: 'Wed, 20 Apr 2016 19:48:22 GMT',
495 verbose headers   via: '1.1 varnish',
495 verbose headers   age: '100',
495 verbose headers   connection: 'keep-alive',
495 verbose headers   'x-served-by': 'cache-atl6246-ATL',
495 verbose headers   'x-cache': 'HIT',
495 verbose headers   'x-cache-hits': '5',
495 verbose headers   'x-timer': 'S1461181702.018213,VS0,VE0',
495 verbose headers   vary: 'Accept-Encoding' }
496 silly get cb [ 200,
496 silly get   { server: 'CouchDB/1.5.0 (Erlang OTP/R16B03)',
496 silly get     etag: '"VP0HK65MFBEO79D8ILBE5BX0"',
496 silly get     'content-type': 'application/json',
496 silly get     'cache-control': 'max-age=300',
496 silly get     'content-length': '62096',
496 silly get     'accept-ranges': 'bytes',
496 silly get     date: 'Wed, 20 Apr 2016 19:48:22 GMT',
496 silly get     via: '1.1 varnish',
496 silly get     age: '100',
496 silly get     connection: 'keep-alive',
496 silly get     'x-served-by': 'cache-atl6246-ATL',
496 silly get     'x-cache': 'HIT',
496 silly get     'x-cache-hits': '5',
496 silly get     'x-timer': 'S1461181702.018213,VS0,VE0',
496 silly get     vary: 'Accept-Encoding' } ]
497 verbose get saving gulp-util to /home/amanda/.npm/registry.npmjs.org/gulp-util/.cache.json
498 verbose correctMkdir /home/amanda/.npm correctMkdir not in flight; initializing
499 silly resolveWithNewModule gulp-util@3.0.7 checking installable status
500 silly cache add args [ 'gulp-util@^3.0.0', null ]
501 verbose cache add spec gulp-util@^3.0.0
502 silly cache add parsed spec Result {
502 silly cache add   raw: 'gulp-util@^3.0.0',
502 silly cache add   scope: null,
502 silly cache add   name: 'gulp-util',
502 silly cache add   rawSpec: '^3.0.0',
502 silly cache add   spec: '>=3.0.0 <4.0.0',
502 silly cache add   type: 'range' }
503 silly addNamed gulp-util@>=3.0.0 <4.0.0
504 verbose addNamed ">=3.0.0 <4.0.0" is a valid semver range for gulp-util
505 silly addNameRange { name: 'gulp-util', range: '>=3.0.0 <4.0.0', hasData: false }
506 silly mapToRegistry name gulp-util
507 silly mapToRegistry using default registry
508 silly mapToRegistry registry https://registry.npmjs.org/
509 silly mapToRegistry data Result {
509 silly mapToRegistry   raw: 'gulp-util',
509 silly mapToRegistry   scope: null,
509 silly mapToRegistry   name: 'gulp-util',
509 silly mapToRegistry   rawSpec: '',
509 silly mapToRegistry   spec: 'latest',
509 silly mapToRegistry   type: 'tag' }
510 silly mapToRegistry uri https://registry.npmjs.org/gulp-util
511 verbose addNameRange registry:https://registry.npmjs.org/gulp-util not in flight; fetching
512 verbose get https://registry.npmjs.org/gulp-util not expired, no request
513 silly addNameRange number 2 { name: 'gulp-util', range: '>=3.0.0 <4.0.0', hasData: true }
514 silly addNameRange versions [ 'gulp-util',
514 silly addNameRange   [ '0.0.1',
514 silly addNameRange     '1.0.0',
514 silly addNameRange     '1.1.0',
514 silly addNameRange     '1.1.1',
514 silly addNameRange     '1.2.0',
514 silly addNameRange     '1.3.0',
514 silly addNameRange     '2.0.0',
514 silly addNameRange     '2.1.1',
514 silly addNameRange     '2.1.2',
514 silly addNameRange     '2.1.3',
514 silly addNameRange     '2.1.4',
514 silly addNameRange     '2.2.0',
514 silly addNameRange     '2.2.1',
514 silly addNameRange     '2.2.2',
514 silly addNameRange     '2.2.3',
514 silly addNameRange     '2.2.5',
514 silly addNameRange     '2.2.6',
514 silly addNameRange     '2.2.7',
514 silly addNameRange     '2.2.8',
514 silly addNameRange     '2.2.9',
514 silly addNameRange     '2.2.10',
514 silly addNameRange     '2.2.11',
514 silly addNameRange     '2.2.12',
514 silly addNameRange     '2.2.13',
514 silly addNameRange     '2.2.14',
514 silly addNameRange     '2.2.15',
514 silly addNameRange     '2.2.16',
514 silly addNameRange     '2.2.17',
514 silly addNameRange     '2.2.18',
514 silly addNameRange     '2.2.19',
514 silly addNameRange     '2.2.20',
514 silly addNameRange     '3.0.0',
514 silly addNameRange     '3.0.1',
514 silly addNameRange     '3.0.2',
514 silly addNameRange     '3.0.3',
514 silly addNameRange     '3.0.4',
514 silly addNameRange     '3.0.5',
514 silly addNameRange     '3.0.6',
514 silly addNameRange     '3.0.7' ] ]
515 silly addNamed gulp-util@3.0.7
516 verbose addNamed "3.0.7" is a plain semver version for gulp-util
517 silly mapToRegistry name gulp-util
518 silly mapToRegistry using default registry
519 silly mapToRegistry registry https://registry.npmjs.org/
520 silly mapToRegistry data Result {
520 silly mapToRegistry   raw: 'gulp-util',
520 silly mapToRegistry   scope: null,
520 silly mapToRegistry   name: 'gulp-util',
520 silly mapToRegistry   rawSpec: '',
520 silly mapToRegistry   spec: 'latest',
520 silly mapToRegistry   type: 'tag' }
521 silly mapToRegistry uri https://registry.npmjs.org/gulp-util
522 verbose addRemoteTarball https://registry.npmjs.org/gulp-util/-/gulp-util-3.0.7.tgz not in flight; adding
523 verbose addRemoteTarball [ 'https://registry.npmjs.org/gulp-util/-/gulp-util-3.0.7.tgz',
523 verbose addRemoteTarball   '78925c4b8f8b49005ac01a011c557e6218941cbb' ]
524 info retry fetch attempt 1 at 4:48:22 PM
525 info attempt registry request try #1 at 4:48:22 PM
526 http fetch GET https://registry.npmjs.org/gulp-util/-/gulp-util-3.0.7.tgz
527 http fetch 200 https://registry.npmjs.org/interpret/-/interpret-1.0.0.tgz
528 silly fetchAndShaCheck shasum 2a3338fa1c2bdbe58cdbfffabcbd0eb52b05241f
529 verbose addTmpTarball /tmp/npm-19462-1adf99c9/registry.npmjs.org/interpret/-/interpret-1.0.0.tgz not in flight; adding
530 verbose addTmpTarball already have metadata; skipping unpack for interpret@1.0.0
531 verbose correctMkdir /home/amanda/.npm correctMkdir not in flight; initializing
532 silly cache afterAdd interpret@1.0.0
533 verbose afterAdd /home/amanda/.npm/interpret/1.0.0/package/package.json not in flight; writing
534 verbose correctMkdir /home/amanda/.npm correctMkdir not in flight; initializing
535 verbose afterAdd /home/amanda/.npm/interpret/1.0.0/package/package.json written
536 http fetch 200 https://registry.npmjs.org/v8flags/-/v8flags-2.0.11.tgz
537 silly fetchAndShaCheck shasum bca8f30f0d6d60612cc2c00641e6962d42ae6881
538 verbose addTmpTarball /tmp/npm-19462-1adf99c9/registry.npmjs.org/v8flags/-/v8flags-2.0.11.tgz not in flight; adding
539 verbose addTmpTarball already have metadata; skipping unpack for v8flags@2.0.11
540 verbose correctMkdir /home/amanda/.npm correctMkdir not in flight; initializing
541 silly cache afterAdd v8flags@2.0.11
542 verbose afterAdd /home/amanda/.npm/v8flags/2.0.11/package/package.json not in flight; writing
543 verbose correctMkdir /home/amanda/.npm correctMkdir not in flight; initializing
544 verbose afterAdd /home/amanda/.npm/v8flags/2.0.11/package/package.json written
545 http 200 https://registry.npmjs.org/vinyl-fs
546 verbose headers { server: 'CouchDB/1.5.0 (Erlang OTP/R16B03)',
546 verbose headers   etag: '"CIG2B354VPSBRW6UVXF4FZG9V"',
546 verbose headers   'content-type': 'application/json',
546 verbose headers   'cache-control': 'max-age=300',
546 verbose headers   'content-length': '77667',
546 verbose headers   'accept-ranges': 'bytes',
546 verbose headers   date: 'Wed, 20 Apr 2016 19:48:22 GMT',
546 verbose headers   via: '1.1 varnish',
546 verbose headers   age: '232',
546 verbose headers   connection: 'keep-alive',
546 verbose headers   'x-served-by': 'cache-atl6228-ATL',
546 verbose headers   'x-cache': 'HIT',
546 verbose headers   'x-cache-hits': '10',
546 verbose headers   'x-timer': 'S1461181702.192010,VS0,VE0',
546 verbose headers   vary: 'Accept-Encoding' }
547 silly get cb [ 200,
547 silly get   { server: 'CouchDB/1.5.0 (Erlang OTP/R16B03)',
547 silly get     etag: '"CIG2B354VPSBRW6UVXF4FZG9V"',
547 silly get     'content-type': 'application/json',
547 silly get     'cache-control': 'max-age=300',
547 silly get     'content-length': '77667',
547 silly get     'accept-ranges': 'bytes',
547 silly get     date: 'Wed, 20 Apr 2016 19:48:22 GMT',
547 silly get     via: '1.1 varnish',
547 silly get     age: '232',
547 silly get     connection: 'keep-alive',
547 silly get     'x-served-by': 'cache-atl6228-ATL',
547 silly get     'x-cache': 'HIT',
547 silly get     'x-cache-hits': '10',
547 silly get     'x-timer': 'S1461181702.192010,VS0,VE0',
547 silly get     vary: 'Accept-Encoding' } ]
548 verbose get saving vinyl-fs to /home/amanda/.npm/registry.npmjs.org/vinyl-fs/.cache.json
549 verbose correctMkdir /home/amanda/.npm correctMkdir not in flight; initializing
550 silly resolveWithNewModule vinyl-fs@0.3.14 checking installable status
551 silly cache add args [ 'vinyl-fs@^0.3.0', null ]
552 verbose cache add spec vinyl-fs@^0.3.0
553 silly cache add parsed spec Result {
553 silly cache add   raw: 'vinyl-fs@^0.3.0',
553 silly cache add   scope: null,
553 silly cache add   name: 'vinyl-fs',
553 silly cache add   rawSpec: '^0.3.0',
553 silly cache add   spec: '>=0.3.0 <0.4.0',
553 silly cache add   type: 'range' }
554 silly addNamed vinyl-fs@>=0.3.0 <0.4.0
555 verbose addNamed ">=0.3.0 <0.4.0" is a valid semver range for vinyl-fs
556 silly addNameRange { name: 'vinyl-fs', range: '>=0.3.0 <0.4.0', hasData: false }
557 silly mapToRegistry name vinyl-fs
558 silly mapToRegistry using default registry
559 silly mapToRegistry registry https://registry.npmjs.org/
560 silly mapToRegistry data Result {
560 silly mapToRegistry   raw: 'vinyl-fs',
560 silly mapToRegistry   scope: null,
560 silly mapToRegistry   name: 'vinyl-fs',
560 silly mapToRegistry   rawSpec: '',
560 silly mapToRegistry   spec: 'latest',
560 silly mapToRegistry   type: 'tag' }
561 silly mapToRegistry uri https://registry.npmjs.org/vinyl-fs
562 verbose addNameRange registry:https://registry.npmjs.org/vinyl-fs not in flight; fetching
563 http fetch 200 https://registry.npmjs.org/semver/-/semver-4.3.6.tgz
564 verbose get https://registry.npmjs.org/vinyl-fs not expired, no request
565 silly addNameRange number 2 { name: 'vinyl-fs', range: '>=0.3.0 <0.4.0', hasData: true }
566 silly addNameRange versions [ 'vinyl-fs',
566 silly addNameRange   [ '0.0.1',
566 silly addNameRange     '0.0.2',
566 silly addNameRange     '0.1.0',
566 silly addNameRange     '0.1.1',
566 silly addNameRange     '0.1.2',
566 silly addNameRange     '0.1.3',
566 silly addNameRange     '0.1.4',
566 silly addNameRange     '0.2.0',
566 silly addNameRange     '0.2.1',
566 silly addNameRange     '0.3.0',
566 silly addNameRange     '0.3.1',
566 silly addNameRange     '0.3.2',
566 silly addNameRange     '0.3.3',
566 silly addNameRange     '0.3.4',
566 silly addNameRange     '0.3.5',
566 silly addNameRange     '0.3.6',
566 silly addNameRange     '0.3.7',
566 silly addNameRange     '0.3.8',
566 silly addNameRange     '0.3.9',
566 silly addNameRange     '0.3.10',
566 silly addNameRange     '0.3.11',
566 silly addNameRange     '0.3.12',
566 silly addNameRange     '0.3.13',
566 silly addNameRange     '1.0.0',
566 silly addNameRange     '0.3.14',
566 silly addNameRange     '2.0.0',
566 silly addNameRange     '2.1.0',
566 silly addNameRange     '2.1.1',
566 silly addNameRange     '2.2.0',
566 silly addNameRange     '2.2.1',
566 silly addNameRange     '2.3.0',
566 silly addNameRange     '2.3.1',
566 silly addNameRange     '2.3.2',
566 silly addNameRange     '2.3.3',
566 silly addNameRange     '2.3.4',
566 silly addNameRange     '2.4.0',
566 silly addNameRange     '2.4.1',
566 silly addNameRange     '2.4.2',
566 silly addNameRange     '2.4.3' ] ]
567 silly addNamed vinyl-fs@0.3.14
568 verbose addNamed "0.3.14" is a plain semver version for vinyl-fs
569 silly mapToRegistry name vinyl-fs
570 silly mapToRegistry using default registry
571 silly mapToRegistry registry https://registry.npmjs.org/
572 silly mapToRegistry data Result {
572 silly mapToRegistry   raw: 'vinyl-fs',
572 silly mapToRegistry   scope: null,
572 silly mapToRegistry   name: 'vinyl-fs',
572 silly mapToRegistry   rawSpec: '',
572 silly mapToRegistry   spec: 'latest',
572 silly mapToRegistry   type: 'tag' }
573 silly mapToRegistry uri https://registry.npmjs.org/vinyl-fs
574 verbose addRemoteTarball https://registry.npmjs.org/vinyl-fs/-/vinyl-fs-0.3.14.tgz not in flight; adding
575 verbose addRemoteTarball [ 'https://registry.npmjs.org/vinyl-fs/-/vinyl-fs-0.3.14.tgz',
575 verbose addRemoteTarball   '9a6851ce1cac1c1cea5fe86c0931d620c2cfa9e6' ]
576 info retry fetch attempt 1 at 4:48:22 PM
577 info attempt registry request try #1 at 4:48:22 PM
578 http fetch GET https://registry.npmjs.org/vinyl-fs/-/vinyl-fs-0.3.14.tgz
579 silly fetchAndShaCheck shasum 300bc6e0e86374f7ba61068b5b1ecd57fc6532da
580 verbose addTmpTarball /tmp/npm-19462-1adf99c9/registry.npmjs.org/semver/-/semver-4.3.6.tgz not in flight; adding
581 verbose addTmpTarball already have metadata; skipping unpack for semver@4.3.6
582 verbose correctMkdir /home/amanda/.npm correctMkdir not in flight; initializing
583 http fetch 200 https://registry.npmjs.org/gulp-util/-/gulp-util-3.0.7.tgz
584 silly fetchAndShaCheck shasum 78925c4b8f8b49005ac01a011c557e6218941cbb
585 verbose addTmpTarball /tmp/npm-19462-1adf99c9/registry.npmjs.org/gulp-util/-/gulp-util-3.0.7.tgz not in flight; adding
586 verbose addTmpTarball already have metadata; skipping unpack for gulp-util@3.0.7
587 verbose correctMkdir /home/amanda/.npm correctMkdir not in flight; initializing
588 silly cache afterAdd gulp-util@3.0.7
589 verbose afterAdd /home/amanda/.npm/gulp-util/3.0.7/package/package.json not in flight; writing
590 verbose correctMkdir /home/amanda/.npm correctMkdir not in flight; initializing
591 verbose afterAdd /home/amanda/.npm/gulp-util/3.0.7/package/package.json written
592 http fetch 200 https://registry.npmjs.org/vinyl-fs/-/vinyl-fs-0.3.14.tgz
593 silly fetchAndShaCheck shasum 9a6851ce1cac1c1cea5fe86c0931d620c2cfa9e6
594 verbose addTmpTarball /tmp/npm-19462-1adf99c9/registry.npmjs.org/vinyl-fs/-/vinyl-fs-0.3.14.tgz not in flight; adding
595 verbose addTmpTarball already have metadata; skipping unpack for vinyl-fs@0.3.14
596 verbose correctMkdir /home/amanda/.npm correctMkdir not in flight; initializing
597 silly cache afterAdd vinyl-fs@0.3.14
598 verbose afterAdd /home/amanda/.npm/vinyl-fs/0.3.14/package/package.json not in flight; writing
599 verbose correctMkdir /home/amanda/.npm correctMkdir not in flight; initializing
600 verbose afterAdd /home/amanda/.npm/vinyl-fs/0.3.14/package/package.json written
601 http 200 https://registry.npmjs.org/liftoff
602 verbose headers { server: 'CouchDB/1.5.0 (Erlang OTP/R16B03)',
602 verbose headers   etag: '"1SI51OO9C7Y0JWJB3Q0YOCNIB"',
602 verbose headers   'content-type': 'application/json',
602 verbose headers   'content-encoding': 'gzip',
602 verbose headers   'cache-control': 'max-age=300',
602 verbose headers   'content-length': '10162',
602 verbose headers   'accept-ranges': 'bytes',
602 verbose headers   date: 'Wed, 20 Apr 2016 19:48:23 GMT',
602 verbose headers   via: '1.1 varnish',
602 verbose headers   age: '183',
602 verbose headers   connection: 'keep-alive',
602 verbose headers   'x-served-by': 'cache-atl6225-ATL',
602 verbose headers   'x-cache': 'HIT',
602 verbose headers   'x-cache-hits': '2',
602 verbose headers   'x-timer': 'S1461181703.121401,VS0,VE0',
602 verbose headers   vary: 'Accept-Encoding' }
603 silly get cb [ 200,
603 silly get   { server: 'CouchDB/1.5.0 (Erlang OTP/R16B03)',
603 silly get     etag: '"1SI51OO9C7Y0JWJB3Q0YOCNIB"',
603 silly get     'content-type': 'application/json',
603 silly get     'content-encoding': 'gzip',
603 silly get     'cache-control': 'max-age=300',
603 silly get     'content-length': '10162',
603 silly get     'accept-ranges': 'bytes',
603 silly get     date: 'Wed, 20 Apr 2016 19:48:23 GMT',
603 silly get     via: '1.1 varnish',
603 silly get     age: '183',
603 silly get     connection: 'keep-alive',
603 silly get     'x-served-by': 'cache-atl6225-ATL',
603 silly get     'x-cache': 'HIT',
603 silly get     'x-cache-hits': '2',
603 silly get     'x-timer': 'S1461181703.121401,VS0,VE0',
603 silly get     vary: 'Accept-Encoding' } ]
604 verbose get saving liftoff to /home/amanda/.npm/registry.npmjs.org/liftoff/.cache.json
605 verbose correctMkdir /home/amanda/.npm correctMkdir not in flight; initializing
606 silly resolveWithNewModule liftoff@2.2.1 checking installable status
607 silly cache add args [ 'liftoff@^2.1.0', null ]
608 verbose cache add spec liftoff@^2.1.0
609 silly cache add parsed spec Result {
609 silly cache add   raw: 'liftoff@^2.1.0',
609 silly cache add   scope: null,
609 silly cache add   name: 'liftoff',
609 silly cache add   rawSpec: '^2.1.0',
609 silly cache add   spec: '>=2.1.0 <3.0.0',
609 silly cache add   type: 'range' }
610 silly addNamed liftoff@>=2.1.0 <3.0.0
611 verbose addNamed ">=2.1.0 <3.0.0" is a valid semver range for liftoff
612 silly addNameRange { name: 'liftoff', range: '>=2.1.0 <3.0.0', hasData: false }
613 silly mapToRegistry name liftoff
614 silly mapToRegistry using default registry
615 silly mapToRegistry registry https://registry.npmjs.org/
616 silly mapToRegistry data Result {
616 silly mapToRegistry   raw: 'liftoff',
616 silly mapToRegistry   scope: null,
616 silly mapToRegistry   name: 'liftoff',
616 silly mapToRegistry   rawSpec: '',
616 silly mapToRegistry   spec: 'latest',
616 silly mapToRegistry   type: 'tag' }
617 silly mapToRegistry uri https://registry.npmjs.org/liftoff
618 verbose addNameRange registry:https://registry.npmjs.org/liftoff not in flight; fetching
619 verbose get https://registry.npmjs.org/liftoff not expired, no request
620 silly addNameRange number 2 { name: 'liftoff', range: '>=2.1.0 <3.0.0', hasData: true }
621 silly addNameRange versions [ 'liftoff',
621 silly addNameRange   [ '0.1.0',
621 silly addNameRange     '0.2.0',
621 silly addNameRange     '0.3.0',
621 silly addNameRange     '0.4.0',
621 silly addNameRange     '0.5.0',
621 silly addNameRange     '0.6.0',
621 silly addNameRange     '0.7.0',
621 silly addNameRange     '0.8.0',
621 silly addNameRange     '0.8.1',
621 silly addNameRange     '0.8.2',
621 silly addNameRange     '0.8.3',
621 silly addNameRange     '0.8.4',
621 silly addNameRange     '0.8.5',
621 silly addNameRange     '0.8.6',
621 silly addNameRange     '0.8.7',
621 silly addNameRange     '0.9.0',
621 silly addNameRange     '0.9.1',
621 silly addNameRange     '0.9.2',
621 silly addNameRange     '0.9.3',
621 silly addNameRange     '0.9.4',
621 silly addNameRange     '0.9.5',
621 silly addNameRange     '0.9.6',
621 silly addNameRange     '0.9.7',
621 silly addNameRange     '0.9.8',
621 silly addNameRange     '0.10.0',
621 silly addNameRange     '0.11.0',
621 silly addNameRange     '0.11.1',
621 silly addNameRange     '0.11.2',
621 silly addNameRange     '0.11.3',
621 silly addNameRange     '0.12.0',
621 silly addNameRange     '0.12.1',
621 silly addNameRange     '0.13.0',
621 silly addNameRange     '0.13.1',
621 silly addNameRange     '0.13.2',
621 silly addNameRange     '0.13.3',
621 silly addNameRange     '0.13.5',
621 silly addNameRange     '0.13.6',
621 silly addNameRange     '1.0.0',
621 silly addNameRange     '1.0.2',
621 silly addNameRange     '1.0.3',
621 silly addNameRange     '1.0.4',
621 silly addNameRange     '2.0.0',
621 silly addNameRange     '2.0.1',
621 silly addNameRange     '2.0.2',
621 silly addNameRange     '2.0.3',
621 silly addNameRange     '2.1.0',
621 silly addNameRange     '2.2.0',
621 silly addNameRange     '2.2.1' ] ]
622 silly addNamed liftoff@2.2.1
623 verbose addNamed "2.2.1" is a plain semver version for liftoff
624 silly mapToRegistry name liftoff
625 silly mapToRegistry using default registry
626 silly mapToRegistry registry https://registry.npmjs.org/
627 silly mapToRegistry data Result {
627 silly mapToRegistry   raw: 'liftoff',
627 silly mapToRegistry   scope: null,
627 silly mapToRegistry   name: 'liftoff',
627 silly mapToRegistry   rawSpec: '',
627 silly mapToRegistry   spec: 'latest',
627 silly mapToRegistry   type: 'tag' }
628 silly mapToRegistry uri https://registry.npmjs.org/liftoff
629 verbose addRemoteTarball https://registry.npmjs.org/liftoff/-/liftoff-2.2.1.tgz not in flight; adding
630 verbose addRemoteTarball [ 'https://registry.npmjs.org/liftoff/-/liftoff-2.2.1.tgz',
630 verbose addRemoteTarball   '8dfef848d3f441921c4a311fc3203ae9c34c41a7' ]
631 info retry fetch attempt 1 at 4:48:23 PM
632 info attempt registry request try #1 at 4:48:23 PM
633 http fetch GET https://registry.npmjs.org/liftoff/-/liftoff-2.2.1.tgz
634 http fetch 200 https://registry.npmjs.org/liftoff/-/liftoff-2.2.1.tgz
635 silly fetchAndShaCheck shasum 8dfef848d3f441921c4a311fc3203ae9c34c41a7
636 verbose addTmpTarball /tmp/npm-19462-1adf99c9/registry.npmjs.org/liftoff/-/liftoff-2.2.1.tgz not in flight; adding
637 verbose addTmpTarball already have metadata; skipping unpack for liftoff@2.2.1
638 verbose correctMkdir /home/amanda/.npm correctMkdir not in flight; initializing
639 silly cache afterAdd liftoff@2.2.1
640 verbose afterAdd /home/amanda/.npm/liftoff/2.2.1/package/package.json not in flight; writing
641 verbose correctMkdir /home/amanda/.npm correctMkdir not in flight; initializing
642 verbose afterAdd /home/amanda/.npm/liftoff/2.2.1/package/package.json written
643 silly rollbackFailedOptional Starting
644 silly rollbackFailedOptional Finishing
645 silly runTopLevelLifecycles Starting
646 silly runTopLevelLifecycles Finishing
647 silly install printInstalled
648 verbose stack Error: EACCES: permission denied, mkdir '/home/amanda/.npm/semver/4.3.6'
648 verbose stack     at Error (native)
649 verbose cwd /home/amanda/Brackets/CasaTintasNA
650 error Linux 4.2.0-34-generic
651 error argv "/home/amanda/.nvm/v5.10.1/bin/node" "/home/amanda/.nvm/v5.10.1/bin/npm" "install" "--save-dev" "gulp"
652 error node v5.10.1
653 error npm  v3.8.3
654 error path /home/amanda/.npm/semver/4.3.6
655 error code EACCES
656 error errno -13
657 error syscall mkdir
658 error Error: EACCES: permission denied, mkdir '/home/amanda/.npm/semver/4.3.6'
658 error     at Error (native)
658 error  { [Error: EACCES: permission denied, mkdir '/home/amanda/.npm/semver/4.3.6']
658 error   errno: -13,
658 error   code: 'EACCES',
658 error   syscall: 'mkdir',
658 error   path: '/home/amanda/.npm/semver/4.3.6',
658 error   parent: 'gulp' }
659 error Please try running this command again as root/Administrator.
660 verbose exit [ -13, true ]
