0 info it worked if it ends with ok
1 verbose cli [ '/home/amanda/.nvm/v5.10.1/bin/node',
1 verbose cli   '/home/amanda/.nvm/v5.10.1/bin/npm',
1 verbose cli   'start' ]
2 info using npm@3.8.3
3 info using node@v5.10.1
4 verbose run-script [ 'prestart', 'start', 'poststart' ]
5 info lifecycle bs-recipes-server@1.0.0~prestart: bs-recipes-server@1.0.0
6 silly lifecycle bs-recipes-server@1.0.0~prestart: no script for prestart, continuing
7 info lifecycle bs-recipes-server@1.0.0~start: bs-recipes-server@1.0.0
8 verbose lifecycle bs-recipes-server@1.0.0~start: unsafe-perm in lifecycle true
9 verbose lifecycle bs-recipes-server@1.0.0~start: PATH: /home/amanda/.nvm/v5.10.1/lib/node_modules/npm/bin/node-gyp-bin:/home/amanda/Brackets/CasaTintasNA/node_modules/.bin:/home/amanda/.nvm/v5.10.1/bin:/home/amanda/.nvm/v5.10.1/bin:/home/amanda/exercism/bin:/usr/local/sbin:/usr/local/bin:/usr/sbin:/usr/bin:/sbin:/bin:/usr/games:/usr/local/games:/usr/lib/jvm/java-8-oracle/bin:/usr/lib/jvm/java-8-oracle/db/bin:/usr/lib/jvm/java-8-oracle/jre/bin:/home/amanda/.rvm/bin:/home/amanda/.rvm/bin
10 verbose lifecycle bs-recipes-server@1.0.0~start: CWD: /home/amanda/Brackets/CasaTintasNA
11 silly lifecycle bs-recipes-server@1.0.0~start: Args: [ '-c', 'node app.js' ]
12 silly lifecycle bs-recipes-server@1.0.0~start: Returned: code: 1  signal: null
13 info lifecycle bs-recipes-server@1.0.0~start: Failed to exec start script
14 verbose stack Error: bs-recipes-server@1.0.0 start: `node app.js`
14 verbose stack Exit status 1
14 verbose stack     at EventEmitter.<anonymous> (/home/amanda/.nvm/v5.10.1/lib/node_modules/npm/lib/utils/lifecycle.js:239:16)
14 verbose stack     at emitTwo (events.js:100:13)
14 verbose stack     at EventEmitter.emit (events.js:185:7)
14 verbose stack     at ChildProcess.<anonymous> (/home/amanda/.nvm/v5.10.1/lib/node_modules/npm/lib/utils/spawn.js:24:14)
14 verbose stack     at emitTwo (events.js:100:13)
14 verbose stack     at ChildProcess.emit (events.js:185:7)
14 verbose stack     at maybeClose (internal/child_process.js:850:16)
14 verbose stack     at Process.ChildProcess._handle.onexit (internal/child_process.js:215:5)
15 verbose pkgid bs-recipes-server@1.0.0
16 verbose cwd /home/amanda/Brackets/CasaTintasNA
17 error Linux 4.2.0-34-generic
18 error argv "/home/amanda/.nvm/v5.10.1/bin/node" "/home/amanda/.nvm/v5.10.1/bin/npm" "start"
19 error node v5.10.1
20 error npm  v3.8.3
21 error code ELIFECYCLE
22 error bs-recipes-server@1.0.0 start: `node app.js`
22 error Exit status 1
23 error Failed at the bs-recipes-server@1.0.0 start script 'node app.js'.
23 error Make sure you have the latest version of node.js and npm installed.
23 error If you do, this is most likely a problem with the bs-recipes-server package,
23 error not with npm itself.
23 error Tell the author that this fails on your system:
23 error     node app.js
23 error You can get information on how to open an issue for this project with:
23 error     npm bugs bs-recipes-server
23 error Or if that isn't available, you can get their info via:
23 error     npm owner ls bs-recipes-server
23 error There is likely additional logging output above.
24 verbose exit [ 1, true ]
